<?xml version="1.0" encoding="UTF-8"?>
<!-- Generated by org.testng.reporters.JUnitReportReporter -->
<testsuite hostname="Vasanthan" failures="0" tests="7" name="OptionalExample.OptionsMethodExample" time="0.024" errors="1" timestamp="2024-07-06T17:10:27 IST" skipped="0">
  <testcase classname="OptionalExample.OptionsMethodExample" name="isPresentExample" time="0.002"/>
  <system-out/>
  <testcase classname="OptionalExample.OptionsMethodExample" name="orElseGetExample" time="0.003"/>
  <system-out/>
  <testcase classname="OptionalExample.OptionsMethodExample" name="isEmptyExample" time="0.002"/>
  <system-out/>
  <testcase classname="OptionalExample.OptionsMethodExample" name="getExample" time="0.007"/>
  <system-out/>
  <testcase classname="OptionalExample.OptionsMethodExample" name="orElseExample" time="0.002"/>
  <system-out/>
  <testcase classname="OptionalExample.OptionsMethodExample" name="ifPresentExample" time="0.004"/>
  <system-out/>
  <testcase classname="OptionalExample.OptionsMethodExample" name="orElseThrowExample" time="0.004">
    <error type="java.lang.IllegalArgumentException">
      <![CDATA[java.lang.IllegalArgumentException
at OptionalExample.OptionsMethodExample.lambda$3(OptionsMethodExample.java:62)
at java.base/java.util.Optional.orElseThrow(Optional.java:403)
at OptionalExample.OptionsMethodExample.orElseThrowExample(OptionsMethodExample.java:62)
at java.base/jdk.internal.reflect.NativeMethodAccessorImpl.invoke0(Native Method)
at java.base/jdk.internal.reflect.NativeMethodAccessorImpl.invoke(NativeMethodAccessorImpl.java:77)
at java.base/jdk.internal.reflect.DelegatingMethodAccessorImpl.invoke(DelegatingMethodAccessorImpl.java:43)
at java.base/java.lang.reflect.Method.invoke(Method.java:568)
at org.testng.internal.MethodInvocationHelper.invokeMethod(MethodInvocationHelper.java:133)
at org.testng.internal.TestInvoker.invokeMethod(TestInvoker.java:598)
at org.testng.internal.TestInvoker.invokeTestMethod(TestInvoker.java:173)
at org.testng.internal.MethodRunner.runInSequence(MethodRunner.java:46)
at org.testng.internal.TestInvoker$MethodInvocationAgent.invoke(TestInvoker.java:824)
at org.testng.internal.TestInvoker.invokeTestMethods(TestInvoker.java:146)
at org.testng.internal.TestMethodWorker.invokeTestMethods(TestMethodWorker.java:146)
at org.testng.internal.TestMethodWorker.run(TestMethodWorker.java:128)
at java.base/java.util.ArrayList.forEach(ArrayList.java:1511)
at org.testng.TestRunner.privateRun(TestRunner.java:794)
at org.testng.TestRunner.run(TestRunner.java:596)
at org.testng.SuiteRunner.runTest(SuiteRunner.java:377)
at org.testng.SuiteRunner.runSequentially(SuiteRunner.java:371)
at org.testng.SuiteRunner.privateRun(SuiteRunner.java:332)
at org.testng.SuiteRunner.run(SuiteRunner.java:276)
at org.testng.SuiteRunnerWorker.runSuite(SuiteRunnerWorker.java:53)
at org.testng.SuiteRunnerWorker.run(SuiteRunnerWorker.java:96)
at org.testng.TestNG.runSuitesSequentially(TestNG.java:1212)
at org.testng.TestNG.runSuitesLocally(TestNG.java:1134)
at org.testng.TestNG.runSuites(TestNG.java:1063)
at org.testng.TestNG.run(TestNG.java:1031)
at org.testng.remote.AbstractRemoteTestNG.run(AbstractRemoteTestNG.java:115)
at org.testng.remote.RemoteTestNG.initAndRun(RemoteTestNG.java:293)
at org.testng.remote.RemoteTestNG.main(RemoteTestNG.java:91)
]]>
    </error>
  </testcase> <!-- orElseThrowExample -->
  <system-out/>
</testsuite> <!-- OptionalExample.OptionsMethodExample -->
