<?xml version="1.0" encoding="UTF-8"?>
<!-- Generated by org.testng.reporters.JUnitReportReporter -->
<testsuite hostname="Vasanthan" failures="0" tests="3" name="OptionalExample.CreateOptionalObjectsExample" time="0.009" errors="0" timestamp="2024-07-06T14:53:42 IST" skipped="1">
  <testcase classname="OptionalExample.CreateOptionalObjectsExample" name="testUsingEmpty" time="0.006"/>
  <system-out/>
  <testcase classname="OptionalExample.CreateOptionalObjectsExample" name="usingOfNullable" time="0.003"/>
  <system-out/>
  <testcase classname="OptionalExample.CreateOptionalObjectsExample" name="testUsingOf">
    <skipped/>
  </testcase> <!-- testUsingOf -->
  <system-out/>
</testsuite> <!-- OptionalExample.CreateOptionalObjectsExample -->
